<?xml version="1.0" encoding="UTF-8"?>
<testng-results skipped="0" failed="0" total="1" passed="1">
  <reporter-output>
  </reporter-output>
  <suite name="Default suite" duration-ms="12019" started-at="2022-05-29T01:48:18Z" finished-at="2022-05-29T01:48:30Z">
    <groups>
    </groups>
    <test name="Default test" duration-ms="12019" started-at="2022-05-29T01:48:18Z" finished-at="2022-05-29T01:48:30Z">
      <class name="com.qa.opencart.tests.Loginpagetest">
        <test-method status="PASS" signature="setup()[pri:0, instance:com.qa.opencart.tests.Loginpagetest@31a5c39e]" name="setup" is-config="true" duration-ms="11221" started-at="2022-05-29T07:18:18Z" finished-at="2022-05-29T07:18:30Z">
          <reporter-output>
          </reporter-output>
        </test-method> <!-- setup -->
        <test-method status="PASS" signature="getLoginPageTitle()[pri:0, instance:com.qa.opencart.tests.Loginpagetest@31a5c39e]" name="getLoginPageTitle" duration-ms="74" started-at="2022-05-29T07:18:30Z" finished-at="2022-05-29T07:18:30Z">
          <reporter-output>
          </reporter-output>
        </test-method> <!-- getLoginPageTitle -->
        <test-method status="PASS" signature="teardown()[pri:0, instance:com.qa.opencart.tests.Loginpagetest@31a5c39e]" name="teardown" is-config="true" duration-ms="697" started-at="2022-05-29T07:18:30Z" finished-at="2022-05-29T07:18:30Z">
          <reporter-output>
          </reporter-output>
        </test-method> <!-- teardown -->
      </class> <!-- com.qa.opencart.tests.Loginpagetest -->
    </test> <!-- Default test -->
  </suite> <!-- Default suite -->
</testng-results>
